<?xml version="1.0" encoding="UTF-8"?>
<!-- Generated by org.testng.reporters.JUnitXMLReporter -->
<testsuite hostname="MacBook.fios-router.home" ignored="0" name="Test" tests="6" failures="0" timestamp="01 Dec 2020 21:14:18 GMT" time="10.195" errors="0">
  <testcase name="action1" time="0.019" classname="com.assignment1.testng.Assignment1"/>
  <testcase name="forminputdata" time="0.006" classname="com.assignment1.testng.Assignment1"/>
  <testcase name="forminputdata" time="0.003" classname="com.assignment1.testng.Assignment1"/>
  <testcase name="forminputdata" time="0.003" classname="com.assignment1.testng.Assignment1"/>
  <testcase name="forminputdata" time="0.002" classname="com.assignment1.testng.Assignment1"/>
  <testcase name="forminputdata" time="0.003" classname="com.assignment1.testng.Assignment1"/>
</testsuite> <!-- Test -->
